\BOOKMARK [0][-]{section*.1}{\376\377\000A\000b\000s\000t\000r\000a\000c\000t}{}% 1
\BOOKMARK [0][-]{chapter*.4}{\376\377\000I\000n\000t\000r\000o\000d\000u\000c\000t\000i\000o\000n}{}% 2
\BOOKMARK [-1][]{part.5}{\376\377\000I\000\040\000P\000h\000y\000s\000i\000c\000s\000\040\000i\000n\000t\000r\000o\000d\000u\000c\000t\000i\000o\000n}{}% 3
\BOOKMARK [0][-]{chapter.6}{\376\377\000T\000h\000e\000\040\000S\000t\000a\000n\000d\000a\000r\000d\000\040\000M\000o\000d\000e\000l\000\040\000a\000n\000d\000\040\000B\000e\000y\000o\000n\000d}{part.5}% 4
\BOOKMARK [1][-]{section.7}{\376\377\000I\000n\000t\000r\000o\000d\000u\000c\000t\000i\000o\000n}{chapter.6}% 5
\BOOKMARK [1][-]{section.8}{\376\377\000T\000h\000e\000\040\000S\000t\000a\000n\000d\000a\000r\000d\000\040\000M\000o\000d\000e\000l\000\040\000o\000f\000\040\000E\000l\000e\000m\000e\000n\000t\000a\000r\000y\000\040\000P\000a\000r\000t\000i\000c\000l\000e\000s}{chapter.6}% 6
\BOOKMARK [1][-]{section.9}{\376\377\000T\000h\000e\000\040\000m\000a\000t\000h\000e\000m\000a\000t\000i\000c\000a\000l\000\040\000f\000r\000a\000m\000e\000w\000o\000r\000k\000\040\000o\000f\000\040\000t\000h\000e\000\040\000S\000t\000a\000n\000d\000a\000r\000d\000\040\000M\000o\000d\000e\000l}{chapter.6}% 7
\BOOKMARK [1][-]{section.10}{\376\377\000B\000e\000y\000o\000n\000d\000\040\000t\000h\000e\000\040\000S\000t\000a\000n\000d\000a\000r\000d\000\040\000M\000o\000d\000e\000l}{chapter.6}% 8
\BOOKMARK [2][-]{subsection.11}{\376\377\000?\000H\000e\000a\000v\000y\000\040\000N\000e\000u\000t\000r\000a\000l\000\040\000L\000e\000p\000t\000o\000n\000s\000?}{section.10}% 9
\BOOKMARK [0][-]{chapter.12}{\376\377\000T\000h\000e\000\040\000L\000H\000C\000\040\000a\000n\000d\000\040\000t\000h\000e\000\040\000C\000M\000S\000\040\000E\000x\000p\000e\000r\000i\000m\000e\000n\000t}{part.5}% 10
\BOOKMARK [1][-]{section.13}{\376\377\000I\000n\000t\000r\000o\000d\000u\000c\000t\000i\000o\000n}{chapter.12}% 11
\BOOKMARK [1][-]{section.14}{\376\377\000T\000h\000e\000\040\000L\000H\000C\000\040\000a\000n\000d\000\040\000t\000h\000e\000\040\000L\000H\000C\000\040\000e\000x\000p\000e\000r\000i\000m\000e\000n\000t\000s}{chapter.12}% 12
\BOOKMARK [2][-]{subsection.15}{\376\377\000T\000h\000e\000\040\000L\000a\000r\000g\000e\000\040\000H\000a\000d\000r\000o\000n\000\040\000C\000o\000l\000l\000i\000d\000e\000r}{section.14}% 13
\BOOKMARK [2][-]{subsection.16}{\376\377\000E\000x\000p\000e\000r\000i\000m\000e\000n\000t\000s\000\040\000a\000t\000\040\000t\000h\000e\000\040\000L\000H\000C}{section.14}% 14
\BOOKMARK [2][-]{subsection.17}{\376\377\000D\000e\000s\000i\000g\000n\000\040\000a\000n\000d\000\040\000p\000e\000r\000f\000o\000r\000m\000a\000n\000c\000e\000\040\000o\000f\000\040\000t\000h\000e\000\040\000L\000H\000C}{section.14}% 15
\BOOKMARK [1][-]{section.18}{\376\377\000T\000h\000e\000\040\000C\000M\000S\000\040\000e\000x\000p\000e\000r\000i\000m\000e\000n\000t}{chapter.12}% 16
\BOOKMARK [2][-]{subsection.19}{\376\377\000T\000h\000e\000\040\000C\000M\000S\000\040\000c\000o\000o\000r\000d\000i\000n\000a\000t\000e\000\040\000s\000y\000s\000t\000e\000m}{section.18}% 17
\BOOKMARK [2][-]{subsection.20}{\376\377\000T\000h\000e\000\040\000s\000o\000l\000e\000n\000o\000i\000d\000\040\000m\000a\000g\000n\000e\000t}{section.18}% 18
\BOOKMARK [2][-]{subsection.21}{\376\377\000T\000h\000e\000\040\000c\000h\000a\000r\000g\000e\000d\000-\000p\000a\000r\000t\000i\000c\000l\000e\000\040\000t\000r\000a\000c\000k\000e\000r}{section.18}% 19
\BOOKMARK [2][-]{subsection.22}{\376\377\000T\000h\000e\000\040\000e\000l\000e\000c\000t\000r\000o\000m\000a\000g\000n\000e\000t\000i\000c\000\040\000c\000a\000l\000o\000r\000i\000m\000e\000t\000e\000r}{section.18}% 20
\BOOKMARK [2][-]{subsection.23}{\376\377\000T\000h\000e\000\040\000h\000a\000d\000r\000o\000n\000i\000c\000\040\000c\000a\000l\000o\000r\000i\000m\000e\000t\000e\000r}{section.18}% 21
\BOOKMARK [2][-]{subsection.24}{\376\377\000T\000h\000e\000\040\000m\000u\000o\000n\000\040\000d\000e\000t\000e\000c\000t\000o\000r}{section.18}% 22
\BOOKMARK [2][-]{subsection.25}{\376\377\000T\000r\000i\000g\000g\000e\000r\000i\000n\000g\000\040\000a\000n\000d\000\040\000d\000a\000t\000a\000\040\000a\000c\000q\000u\000i\000s\000i\000t\000i\000o\000n}{section.18}% 23
\BOOKMARK [1][-]{section.26}{\376\377\000E\000v\000e\000n\000t\000\040\000r\000e\000c\000o\000n\000s\000t\000r\000u\000c\000t\000i\000o\000n}{chapter.12}% 24
\BOOKMARK [2][-]{subsection.27}{\376\377\000T\000r\000a\000c\000k\000\040\000r\000e\000c\000o\000n\000s\000t\000r\000u\000c\000t\000i\000o\000n}{section.26}% 25
\BOOKMARK [2][-]{subsection.28}{\376\377\000R\000e\000c\000o\000n\000s\000t\000r\000u\000c\000t\000i\000o\000n\000\040\000p\000e\000r\000f\000o\000r\000m\000a\000n\000c\000e\000s}{section.26}% 26
\BOOKMARK [-1][]{part.29}{\376\377\000I\000I\000\040\000S\000e\000a\000r\000c\000h\000\040\000f\000o\000r\000\040\000h\000e\000a\000v\000y\000\040\000n\000e\000u\000t\000r\000a\000l\000\040\000l\000e\000p\000t\000o\000n\000s}{}% 27
\BOOKMARK [0][-]{chapter.30}{\376\377\000T\000h\000e\000o\000r\000y\000\040\000i\000n\000t\000r\000o\000d\000u\000c\000t\000i\000o\000n\000\040\000t\000o\000\040\000H\000N\000L}{part.29}% 28
\BOOKMARK [1][-]{section.31}{\376\377\000H\000e\000a\000v\000y\000\040\000n\000e\000u\000t\000r\000a\000l\000\040\000l\000e\000p\000t\000o\000n\000s}{chapter.30}% 29
\BOOKMARK [2][-]{subsection.32}{\376\377\000P\000r\000e\000v\000i\000o\000u\000s\000\040\000a\000n\000d\000\040\000c\000u\000r\000r\000e\000n\000t\000\040\000r\000e\000s\000u\000l\000t\000s}{section.31}% 30
\BOOKMARK [0][-]{chapter.33}{\376\377\000S\000e\000a\000r\000c\000h\000\040\000f\000o\000r\000\040\000H\000N\000L\000\040\000i\000n\000\040\000e\000v\000e\000n\000t\000s\000\040\000w\000i\000t\000h\000\040\000t\000h\000r\000e\000e\000\040\000c\000h\000a\000r\000g\000e\000d\000\040\000p\000r\000o\000m\000p\000t\000\040\000l\000e\000p\000t\000o\000n\000s}{part.29}% 31
\BOOKMARK [1][-]{section.34}{\376\377\000D\000a\000t\000a\000\040\000a\000n\000d\000\040\000s\000i\000m\000u\000l\000a\000t\000i\000o\000n\000\040\000s\000a\000m\000p\000l\000e\000s}{chapter.33}% 32
\BOOKMARK [1][-]{section.35}{\376\377\000T\000r\000i\000g\000g\000e\000r\000\040\000s\000t\000r\000a\000t\000e\000g\000y}{chapter.33}% 33
\BOOKMARK [1][-]{section.36}{\376\377\000E\000v\000e\000n\000t\000\040\000r\000e\000c\000o\000n\000s\000t\000r\000u\000c\000t\000i\000o\000n\000\040\000a\000n\000d\000\040\000o\000b\000j\000e\000c\000t\000\040\000s\000e\000l\000e\000c\000t\000i\000o\000n}{chapter.33}% 34
\BOOKMARK [1][-]{section.37}{\376\377\000A\000n\000a\000l\000y\000s\000i\000s\000\040\000s\000t\000r\000a\000t\000e\000g\000y}{chapter.33}% 35
\BOOKMARK [2][-]{subsection.38}{\376\377\000B\000a\000s\000e\000l\000i\000n\000e\000\040\000s\000e\000l\000e\000c\000t\000i\000o\000n}{section.37}% 36
\BOOKMARK [2][-]{subsection.39}{\376\377\000L\000o\000w\000\040\000m\000a\000s\000s\000\040\000s\000e\000a\000r\000c\000h}{section.37}% 37
\BOOKMARK [2][-]{subsection.40}{\376\377\000H\000i\000g\000h\000\040\000m\000a\000s\000s\000\040\000s\000e\000a\000r\000c\000h}{section.37}% 38
\BOOKMARK [1][-]{section.41}{\376\377\000B\000a\000c\000k\000g\000r\000o\000u\000n\000d\000\040\000e\000s\000t\000i\000m\000a\000t\000i\000o\000n}{chapter.33}% 39
\BOOKMARK [2][-]{subsection.42}{}{section.41}% 40
\BOOKMARK [2][-]{subsection.43}{}{section.41}% 41
\BOOKMARK [2][-]{subsection.44}{}{section.41}% 42
\BOOKMARK [2][-]{subsection.45}{}{section.41}% 43
\BOOKMARK [2][-]{subsection.46}{}{section.41}% 44
\BOOKMARK [1][-]{section.47}{\376\377\000S\000y\000s\000t\000e\000m\000a\000t\000i\000c\000\040\000u\000n\000c\000e\000r\000t\000a\000i\000n\000t\000i\000e\000s}{chapter.33}% 45
\BOOKMARK [1][-]{section.48}{\376\377\000R\000e\000s\000u\000l\000t\000s}{chapter.33}% 46
\BOOKMARK [2][-]{subsection.49}{\376\377\000L\000o\000w\000\040\000m\000a\000s\000s\000\040\000r\000e\000s\000u\000l\000t\000s}{section.48}% 47
\BOOKMARK [2][-]{subsection.50}{\376\377\000H\000i\000g\000h\000\040\000m\000a\000s\000s\000\040\000r\000e\000s\000u\000l\000t\000s}{section.48}% 48
\BOOKMARK [2][-]{subsection.51}{\376\377\000S\000u\000m\000m\000a\000r\000y}{section.48}% 49
\BOOKMARK [1][-]{section.52}{\376\377\000I\000n\000t\000e\000r\000p\000r\000e\000t\000a\000t\000i\000o\000n}{chapter.33}% 50
\BOOKMARK [2][-]{subsection.53}{\376\377\000L\000i\000f\000e\000t\000i\000m\000e\000\040\000c\000o\000r\000r\000e\000c\000t\000i\000o\000n\000\040\000t\000o\000\040\000u\000p\000p\000e\000r\000\040\000l\000i\000m\000i\000t\000s}{section.52}% 51
\BOOKMARK [1][-]{section.54}{\376\377\000C\000o\000n\000c\000l\000u\000s\000i\000o\000n}{chapter.33}% 52
\BOOKMARK [0][-]{chapter.55}{\376\377\000S\000e\000a\000r\000c\000h\000\040\000f\000o\000r\000\040\000l\000o\000n\000g\000-\000l\000i\000v\000e\000d\000\040\000h\000e\000a\000v\000y\000\040\000n\000e\000u\000t\000r\000a\000l\000\040\000l\000e\000p\000t\000o\000n\000s\000\040\000i\000n\000\040\000f\000i\000n\000a\000l\000\040\000s\000t\000a\000t\000e\000s\000\040\000w\000i\000t\000h\000\040\000t\000h\000r\000e\000e\000\040\000c\000h\000a\000r\000g\000e\000d\000\040\000l\000e\000p\000t\000o\000n\000s\000\040\000a\000n\000d\000\040\000d\000i\000s\000p\000l\000a\000c\000e\000d\000\040\000v\000e\000r\000t\000i\000c\000e\000s}{part.29}% 53
\BOOKMARK [1][-]{section.56}{\376\377\000C\000h\000a\000n\000g\000e\000\040\000o\000f\000\040\000s\000c\000e\000n\000a\000r\000i\000o}{chapter.55}% 54
\BOOKMARK [2][-]{subsection.57}{\376\377\000D\000i\000s\000p\000l\000a\000c\000e\000d\000\040\000s\000i\000g\000n\000a\000t\000u\000r\000e\000\040\000a\000t\000\040\000C\000M\000S}{section.56}% 55
\BOOKMARK [1][-]{section.58}{\376\377\000S\000i\000g\000n\000a\000l\000\040\000s\000i\000m\000u\000l\000a\000t\000i\000o\000n}{chapter.55}% 56
\BOOKMARK [1][-]{section.59}{\376\377\000D\000a\000t\000a\000s\000e\000t\000s}{chapter.55}% 57
\BOOKMARK [2][-]{subsection.60}{\376\377\000D\000a\000t\000a}{section.59}% 58
\BOOKMARK [2][-]{subsection.61}{\376\377\000S\000i\000m\000u\000l\000a\000t\000i\000o\000n}{section.59}% 59
\BOOKMARK [1][-]{section.62}{\376\377\000T\000r\000i\000g\000g\000e\000r\000\040\000s\000t\000r\000a\000t\000e\000g\000y}{chapter.55}% 60
\BOOKMARK [1][-]{section.63}{\376\377\000O\000b\000j\000e\000c\000t\000\040\000r\000e\000c\000o\000n\000s\000t\000r\000u\000c\000t\000i\000o\000n\000\040\000a\000n\000d\000\040\000i\000d\000e\000n\000t\000i\000f\000i\000c\000a\000t\000i\000o\000n}{chapter.55}% 61
\BOOKMARK [2][-]{subsection.64}{\376\377\000P\000r\000o\000m\000p\000t\000\040\000l\000e\000p\000t\000o\000n\000s}{section.63}% 62
\BOOKMARK [2][-]{subsection.67}{\376\377\000D\000i\000s\000p\000l\000a\000c\000e\000d\000\040\000v\000e\000r\000t\000i\000c\000e\000s}{section.63}% 63
\BOOKMARK [2][-]{subsection.68}{\376\377\000D\000i\000s\000p\000l\000a\000c\000e\000d\000\040\000l\000e\000p\000t\000o\000n\000s}{section.63}% 64
\BOOKMARK [1][-]{section.71}{\376\377\000E\000v\000e\000n\000t\000\040\000r\000e\000c\000o\000n\000s\000t\000r\000u\000c\000t\000i\000o\000n}{chapter.55}% 65
\BOOKMARK [2][-]{subsection.72}{\376\377\000D\000i\000s\000p\000l\000a\000c\000e\000d\000\040\000l\000e\000p\000t\000o\000n\000s\000\040\000p\000a\000i\000r\000\040\000\050\000i\000.\000e\000.\000\040\000H\000N\000L\000\040\000c\000a\000n\000d\000i\000d\000a\000t\000e\000\051\000\040\000s\000e\000l\000e\000c\000t\000i\000o\000n}{section.71}% 66
\BOOKMARK [2][-]{subsection.73}{\376\377\000S\000e\000c\000o\000n\000d\000a\000r\000y\000\040\000d\000i\000s\000p\000l\000a\000c\000e\000d\000\040\000v\000e\000r\000t\000e\000x\000\040\000f\000i\000t\000\040\000a\000n\000d\000\040\000l\000e\000p\000t\000o\000n\000\040\000e\000x\000t\000r\000a\000p\000o\000l\000a\000t\000i\000o\000n}{section.71}% 67
\BOOKMARK [2][-]{subsection.74}{\376\377\000E\000v\000e\000n\000t\000\040\000k\000i\000n\000e\000m\000a\000t\000i\000c\000s\000\040\000a\000n\000d\000\040\000b\000a\000s\000e\000l\000i\000n\000e\000\040\000s\000e\000l\000e\000c\000t\000i\000o\000n}{section.71}% 68
\BOOKMARK [1][-]{section.75}{\376\377\000B\000a\000c\000k\000g\000r\000o\000u\000n\000d\000\040\000e\000s\000t\000i\000m\000a\000t\000i\000o\000n}{chapter.55}% 69
\BOOKMARK [2][-]{subsection.76}{\376\377\000B\000a\000c\000k\000g\000r\000o\000u\000n\000d\000\040\000c\000o\000m\000p\000o\000s\000i\000t\000i\000o\000n}{section.75}% 70
\BOOKMARK [2][-]{subsection.77}{\376\377\000F\000a\000k\000e\000\040\000l\000e\000p\000t\000o\000n\000\040\000b\000a\000c\000k\000g\000r\000o\000u\000n\000d}{section.75}% 71
\BOOKMARK [1][-]{section.78}{\376\377\000C\000o\000r\000r\000e\000c\000t\000i\000o\000n\000s\000\040\000a\000n\000d\000\040\000e\000f\000f\000i\000c\000i\000e\000n\000c\000i\000e\000s}{chapter.55}% 72
\BOOKMARK [1][-]{section.79}{\376\377\000S\000y\000s\000t\000e\000m\000a\000t\000i\000c\000\040\000u\000n\000c\000e\000r\000t\000a\000i\000n\000t\000i\000e\000s}{chapter.55}% 73
\BOOKMARK [1][-]{section.80}{\376\377\000R\000e\000s\000u\000l\000t\000s}{chapter.55}% 74
\BOOKMARK [2][-]{subsection.81}{\376\377\000S\000t\000a\000t\000i\000s\000t\000i\000c\000a\000l\000\040\000a\000n\000a\000l\000y\000s\000i\000s}{section.80}% 75
\BOOKMARK [2][-]{subsection.82}{\376\377\000L\000i\000m\000i\000t\000s\000\040\000o\000n\000\040\000V\000N\000l\000:\000\040\000D\000i\000r\000a\000c\000\040\000H\000N\000L}{section.80}% 76
\BOOKMARK [2][-]{subsection.83}{\376\377\000L\000i\000m\000i\000t\000s\000\040\000o\000n\000\040\000V\000N\000l\000:\000\040\000M\000a\000j\000o\000r\000a\000n\000a\000\040\000H\000N\000L}{section.80}% 77
\BOOKMARK [2][-]{subsection.84}{\376\377\000L\000i\000m\000i\000t\000s\000\040\000o\000n\000\040\000V\000N\000l\000:\000\040\000T\000a\000u\000\040\000c\000o\000u\000p\000l\000i\000n\000g}{section.80}% 78
\BOOKMARK [2][-]{subsection.85}{\376\377\000S\000u\000m\000m\000a\000r\000y}{section.80}% 79
\BOOKMARK [0][-]{chapter.86}{\376\377\000C\000o\000n\000c\000l\000u\000s\000i\000o\000n\000\040\000a\000n\000d\000\040\000p\000e\000r\000s\000p\000e\000c\000t\000i\000v\000e}{part.29}% 80
\BOOKMARK [1][-]{section.87}{\376\377\000P\000r\000o\000m\000p\000t\000\040\000H\000N\000L\000\040\000a\000n\000a\000l\000y\000s\000i\000s\000\040\000p\000o\000s\000s\000i\000b\000l\000e\000\040\000i\000m\000p\000r\000o\000v\000e\000m\000e\000n\000t\000s}{chapter.86}% 81
\BOOKMARK [1][-]{section.88}{\376\377\000D\000i\000s\000p\000l\000a\000c\000e\000d\000\040\000H\000N\000L\000\040\000a\000n\000a\000l\000y\000s\000i\000s\000\040\000p\000o\000s\000s\000i\000b\000l\000e\000\040\000i\000m\000p\000r\000o\000v\000e\000m\000e\000n\000t\000s}{chapter.86}% 82
\BOOKMARK [1][-]{section.89}{\376\377\000H\000N\000L\000\040\000s\000e\000a\000r\000c\000h\000e\000s\000\040\000p\000e\000r\000s\000p\000e\000c\000t\000i\000v\000e\000s\000\040\000a\000n\000d\000\040\000L\000H\000C\000\040\000a\000n\000d\000\040\000b\000e\000y\000o\000n\000d}{chapter.86}% 83
\BOOKMARK [1][-]{section.90}{\376\377\000C\000o\000n\000c\000l\000u\000s\000i\000o\000n\000s}{chapter.86}% 84
\BOOKMARK [0][-]{appendix.93}{\376\377\000F\000r\000e\000q\000u\000e\000n\000t\000l\000y\000\040\000A\000s\000k\000e\000d\000\040\000Q\000u\000e\000s\000t\000i\000o\000n\000s}{part.29}% 85
\BOOKMARK [1][-]{section.94}{\376\377\000H\000o\000w\000\040\000d\000o\000\040\000I\000\040\000c\000h\000a\000n\000g\000e\000\040\000t\000h\000e\000\040\000c\000o\000l\000o\000r\000s\000\040\000o\000f\000\040\000l\000i\000n\000k\000s\000?}{appendix.93}% 86
\BOOKMARK [0][-]{section*.95}{\376\377\000A\000c\000k\000n\000o\000w\000l\000e\000d\000g\000e\000m\000e\000n\000t\000s}{part.29}% 87
